<?xml version="1.0" encoding="UTF-8"?>
<testng-results total="1" passed="1" failed="0" skipped="0">
  <reporter-output>
  </reporter-output>
  <suite started-at="2018-03-29T16:09:51Z" name="Istockphoto" finished-at="2018-03-29T16:10:08Z" duration-ms="17462">
    <groups>
    </groups>
    <test started-at="2018-03-29T16:09:51Z" name="TestLogin" finished-at="2018-03-29T16:10:08Z" duration-ms="17462">
      <class name="TestLogin">
        <test-method signature="loginToPage()[pri:0, instance:TestLogin@323659f8]" started-at="2018-03-29T19:09:51Z" name="loginToPage" finished-at="2018-03-29T19:10:08Z" duration-ms="17145" status="PASS">
          <reporter-output>
          </reporter-output>
        </test-method> <!-- loginToPage -->
      </class> <!-- TestLogin -->
    </test> <!-- TestLogin -->
  </suite> <!-- Istockphoto -->
</testng-results>
